# JRE version: Java(TM) SE Runtime Environment (8.0_111-b14) (build 1.8.0_111-b14)
# Java VM: Java HotSpot(TM) 64-Bit Server VM (25.111-b14 mixed mode linux-amd64 compressed oops)
Heap:
 PSYoungGen      total 17408K, used 12767K [0x00000000ecd80000, 0x00000000ee080000, 0x0000000100000000)
  eden space 15360K, 83% used [0x00000000ecd80000,0x00000000ed9f7fa8,0x00000000edc80000)
  from space 2048K, 0% used [0x00000000edc80000,0x00000000edc80000,0x00000000ede80000)
  to   space 2048K, 0% used [0x00000000ede80000,0x00000000ede80000,0x00000000ee080000)
 ParOldGen       total 28672K, used 8639K [0x00000000c6800000, 0x00000000c8400000, 0x00000000ecd80000)
  object space 28672K, 30% used [0x00000000c6800000,0x00000000c706fd40,0x00000000c8400000)
 Metaspace       used 23924K, capacity 25030K, committed 25344K, reserved 1071104K
  class space    used 3234K, capacity 3460K, committed 3584K, reserved 1048576K
GC Heap History (8 events):
Event: 3,238 GC heap before
{Heap before GC invocations=1 (full 0):
 PSYoungGen      total 17408K, used 15360K [0x00000000ecd80000, 0x00000000ee080000, 0x0000000100000000)
  eden space 15360K, 100% used [0x00000000ecd80000,0x00000000edc80000,0x00000000edc80000)
  from space 2048K, 0% used [0x00000000ede80000,0x00000000ede80000,0x00000000ee080000)
  to   space 2048K, 0% used [0x00000000edc80000,0x00000000edc80000,0x00000000ede80000)
 ParOldGen       total 39936K, used 0K [0x00000000c6800000, 0x00000000c8f00000, 0x00000000ecd80000)
  object space 39936K, 0% used [0x00000000c6800000,0x00000000c6800000,0x00000000c8f00000)
 Metaspace       used 9738K, capacity 10102K, committed 10368K, reserved 1058816K
  class space    used 1218K, capacity 1339K, committed 1408K, reserved 1048576K
Event: 3,246 GC heap after
Heap after GC invocations=1 (full 0):
 PSYoungGen      total 17408K, used 2032K [0x00000000ecd80000, 0x00000000ee080000, 0x0000000100000000)
  eden space 15360K, 0% used [0x00000000ecd80000,0x00000000ecd80000,0x00000000edc80000)
  from space 2048K, 99% used [0x00000000edc80000,0x00000000ede7c040,0x00000000ede80000)
  to   space 2048K, 0% used [0x00000000ede80000,0x00000000ede80000,0x00000000ee080000)
 ParOldGen       total 39936K, used 837K [0x00000000c6800000, 0x00000000c8f00000, 0x00000000ecd80000)
  object space 39936K, 2% used [0x00000000c6800000,0x00000000c68d1408,0x00000000c8f00000)
 Metaspace       used 9738K, capacity 10102K, committed 10368K, reserved 1058816K
  class space    used 1218K, capacity 1339K, committed 1408K, reserved 1048576K
}
Event: 7,402 GC heap before
{Heap before GC invocations=2 (full 0):
 PSYoungGen      total 17408K, used 17392K [0x00000000ecd80000, 0x00000000ee080000, 0x0000000100000000)
  eden space 15360K, 100% used [0x00000000ecd80000,0x00000000edc80000,0x00000000edc80000)
  from space 2048K, 99% used [0x00000000edc80000,0x00000000ede7c040,0x00000000ede80000)
  to   space 2048K, 0% used [0x00000000ede80000,0x00000000ede80000,0x00000000ee080000)
 ParOldGen       total 39936K, used 837K [0x00000000c6800000, 0x00000000c8f00000, 0x00000000ecd80000)
  object space 39936K, 2% used [0x00000000c6800000,0x00000000c68d1408,0x00000000c8f00000)
 Metaspace       used 15278K, capacity 15860K, committed 16000K, reserved 1062912K
  class space    used 2177K, capacity 2340K, committed 2432K, reserved 1048576K
Event: 7,413 GC heap after
Heap after GC invocations=2 (full 0):
 PSYoungGen      total 17408K, used 2032K [0x00000000ecd80000, 0x00000000ee080000, 0x0000000100000000)
  eden space 15360K, 0% used [0x00000000ecd80000,0x00000000ecd80000,0x00000000edc80000)
  from space 2048K, 99% used [0x00000000ede80000,0x00000000ee07c048,0x00000000ee080000)
  to   space 2048K, 0% used [0x00000000edc80000,0x00000000edc80000,0x00000000ede80000)
 ParOldGen       total 39936K, used 4150K [0x00000000c6800000, 0x00000000c8f00000, 0x00000000ecd80000)
  object space 39936K, 10% used [0x00000000c6800000,0x00000000c6c0d948,0x00000000c8f00000)
 Metaspace       used 15278K, capacity 15860K, committed 16000K, reserved 1062912K
  class space    used 2177K, capacity 2340K, committed 2432K, reserved 1048576K
}
Event: 21,215 GC heap before
{Heap before GC invocations=3 (full 0):
 PSYoungGen      total 17408K, used 13696K [0x00000000ecd80000, 0x00000000ee080000, 0x0000000100000000)
  eden space 15360K, 75% used [0x00000000ecd80000,0x00000000ed8e4330,0x00000000edc80000)
  from space 2048K, 99% used [0x00000000ede80000,0x00000000ee07c048,0x00000000ee080000)
  to   space 2048K, 0% used [0x00000000edc80000,0x00000000edc80000,0x00000000ede80000)
 ParOldGen       total 39936K, used 4150K [0x00000000c6800000, 0x00000000c8f00000, 0x00000000ecd80000)
  object space 39936K, 10% used [0x00000000c6800000,0x00000000c6c0d948,0x00000000c8f00000)
 Metaspace       used 20565K, capacity 21158K, committed 21296K, reserved 1067008K
  class space    used 2699K, capacity 2862K, committed 2944K, reserved 1048576K
Event: 21,226 GC heap after
Heap after GC invocations=3 (full 0):
 PSYoungGen      total 17408K, used 2016K [0x00000000ecd80000, 0x00000000ee080000, 0x0000000100000000)
  eden space 15360K, 0% used [0x00000000ecd80000,0x00000000ecd80000,0x00000000edc80000)
  from space 2048K, 98% used [0x00000000edc80000,0x00000000ede78028,0x00000000ede80000)
  to   space 2048K, 0% used [0x00000000ede80000,0x00000000ede80000,0x00000000ee080000)
 ParOldGen       total 39936K, used 7224K [0x00000000c6800000, 0x00000000c8f00000, 0x00000000ecd80000)
  object space 39936K, 18% used [0x00000000c6800000,0x00000000c6f0e2b0,0x00000000c8f00000)
 Metaspace       used 20565K, capacity 21158K, committed 21296K, reserved 1067008K
  class space    used 2699K, capacity 2862K, committed 2944K, reserved 1048576K
}
Event: 21,226 GC heap before
{Heap before GC invocations=4 (full 1):
 PSYoungGen      total 17408K, used 2016K [0x00000000ecd80000, 0x00000000ee080000, 0x0000000100000000)
  eden space 15360K, 0% used [0x00000000ecd80000,0x00000000ecd80000,0x00000000edc80000)
  from space 2048K, 98% used [0x00000000edc80000,0x00000000ede78028,0x00000000ede80000)
  to   space 2048K, 0% used [0x00000000ede80000,0x00000000ede80000,0x00000000ee080000)
 ParOldGen       total 39936K, used 7224K [0x00000000c6800000, 0x00000000c8f00000, 0x00000000ecd80000)
  object space 39936K, 18% used [0x00000000c6800000,0x00000000c6f0e2b0,0x00000000c8f00000)
 Metaspace       used 20565K, capacity 21158K, committed 21296K, reserved 1067008K
  class space    used 2699K, capacity 2862K, committed 2944K, reserved 1048576K
Event: 21,345 GC heap after
Heap after GC invocations=4 (full 1):
 PSYoungGen      total 17408K, used 0K [0x00000000ecd80000, 0x00000000ee080000, 0x0000000100000000)
  eden space 15360K, 0% used [0x00000000ecd80000,0x00000000ecd80000,0x00000000edc80000)
  from space 2048K, 0% used [0x00000000edc80000,0x00000000edc80000,0x00000000ede80000)
  to   space 2048K, 0% used [0x00000000ede80000,0x00000000ede80000,0x00000000ee080000)
 ParOldGen       total 28672K, used 8639K [0x00000000c6800000, 0x00000000c8400000, 0x00000000ecd80000)
  object space 28672K, 30% used [0x00000000c6800000,0x00000000c706fd40,0x00000000c8400000)
 Metaspace       used 20565K, capacity 21158K, committed 21296K, reserved 1067008K
  class space    used 2699K, capacity 2862K, committed 2944K, reserved 1048576K
}

