# JRE version: Java(TM) SE Runtime Environment (8.0_111-b14) (build 1.8.0_111-b14)
# Java VM: Java HotSpot(TM) 64-Bit Server VM (25.111-b14 mixed mode linux-amd64 compressed oops)
Heap:
 PSYoungGen      total 17408K, used 11938K [0x00000000ecd80000, 0x00000000ee080000, 0x0000000100000000)
  eden space 15360K, 77% used [0x00000000ecd80000,0x00000000ed9289d0,0x00000000edc80000)
  from space 2048K, 0% used [0x00000000edc80000,0x00000000edc80000,0x00000000ede80000)
  to   space 2048K, 0% used [0x00000000ede80000,0x00000000ede80000,0x00000000ee080000)
 ParOldGen       total 38912K, used 8654K [0x00000000c6800000, 0x00000000c8e00000, 0x00000000ecd80000)
  object space 38912K, 22% used [0x00000000c6800000,0x00000000c7073968,0x00000000c8e00000)
 Metaspace       used 23672K, capacity 24698K, committed 24832K, reserved 1071104K
  class space    used 3234K, capacity 3460K, committed 3584K, reserved 1048576K
GC Heap History (8 events):
Event: 0,796 GC heap before
{Heap before GC invocations=1 (full 0):
 PSYoungGen      total 17408K, used 15360K [0x00000000ecd80000, 0x00000000ee080000, 0x0000000100000000)
  eden space 15360K, 100% used [0x00000000ecd80000,0x00000000edc80000,0x00000000edc80000)
  from space 2048K, 0% used [0x00000000ede80000,0x00000000ede80000,0x00000000ee080000)
  to   space 2048K, 0% used [0x00000000edc80000,0x00000000edc80000,0x00000000ede80000)
 ParOldGen       total 39936K, used 0K [0x00000000c6800000, 0x00000000c8f00000, 0x00000000ecd80000)
  object space 39936K, 0% used [0x00000000c6800000,0x00000000c6800000,0x00000000c8f00000)
 Metaspace       used 9733K, capacity 10094K, committed 10368K, reserved 1058816K
  class space    used 1218K, capacity 1339K, committed 1408K, reserved 1048576K
Event: 0,803 GC heap after
Heap after GC invocations=1 (full 0):
 PSYoungGen      total 17408K, used 2032K [0x00000000ecd80000, 0x00000000ee080000, 0x0000000100000000)
  eden space 15360K, 0% used [0x00000000ecd80000,0x00000000ecd80000,0x00000000edc80000)
  from space 2048K, 99% used [0x00000000edc80000,0x00000000ede7c040,0x00000000ede80000)
  to   space 2048K, 0% used [0x00000000ede80000,0x00000000ede80000,0x00000000ee080000)
 ParOldGen       total 39936K, used 861K [0x00000000c6800000, 0x00000000c8f00000, 0x00000000ecd80000)
  object space 39936K, 2% used [0x00000000c6800000,0x00000000c68d7408,0x00000000c8f00000)
 Metaspace       used 9733K, capacity 10094K, committed 10368K, reserved 1058816K
  class space    used 1218K, capacity 1339K, committed 1408K, reserved 1048576K
}
Event: 3,629 GC heap before
{Heap before GC invocations=2 (full 0):
 PSYoungGen      total 17408K, used 17392K [0x00000000ecd80000, 0x00000000ee080000, 0x0000000100000000)
  eden space 15360K, 100% used [0x00000000ecd80000,0x00000000edc80000,0x00000000edc80000)
  from space 2048K, 99% used [0x00000000edc80000,0x00000000ede7c040,0x00000000ede80000)
  to   space 2048K, 0% used [0x00000000ede80000,0x00000000ede80000,0x00000000ee080000)
 ParOldGen       total 39936K, used 861K [0x00000000c6800000, 0x00000000c8f00000, 0x00000000ecd80000)
  object space 39936K, 2% used [0x00000000c6800000,0x00000000c68d7408,0x00000000c8f00000)
 Metaspace       used 15276K, capacity 15920K, committed 16256K, reserved 1062912K
  class space    used 2179K, capacity 2340K, committed 2432K, reserved 1048576K
Event: 3,641 GC heap after
Heap after GC invocations=2 (full 0):
 PSYoungGen      total 17408K, used 2016K [0x00000000ecd80000, 0x00000000ee080000, 0x0000000100000000)
  eden space 15360K, 0% used [0x00000000ecd80000,0x00000000ecd80000,0x00000000edc80000)
  from space 2048K, 98% used [0x00000000ede80000,0x00000000ee078038,0x00000000ee080000)
  to   space 2048K, 0% used [0x00000000edc80000,0x00000000edc80000,0x00000000ede80000)
 ParOldGen       total 39936K, used 4147K [0x00000000c6800000, 0x00000000c8f00000, 0x00000000ecd80000)
  object space 39936K, 10% used [0x00000000c6800000,0x00000000c6c0cf18,0x00000000c8f00000)
 Metaspace       used 15276K, capacity 15920K, committed 16256K, reserved 1062912K
  class space    used 2179K, capacity 2340K, committed 2432K, reserved 1048576K
}
Event: 9,468 GC heap before
{Heap before GC invocations=3 (full 0):
 PSYoungGen      total 17408K, used 13491K [0x00000000ecd80000, 0x00000000ee080000, 0x0000000100000000)
  eden space 15360K, 74% used [0x00000000ecd80000,0x00000000ed8b4d78,0x00000000edc80000)
  from space 2048K, 98% used [0x00000000ede80000,0x00000000ee078038,0x00000000ee080000)
  to   space 2048K, 0% used [0x00000000edc80000,0x00000000edc80000,0x00000000ede80000)
 ParOldGen       total 39936K, used 4147K [0x00000000c6800000, 0x00000000c8f00000, 0x00000000ecd80000)
  object space 39936K, 10% used [0x00000000c6800000,0x00000000c6c0cf18,0x00000000c8f00000)
 Metaspace       used 20546K, capacity 21180K, committed 21296K, reserved 1067008K
  class space    used 2736K, capacity 2895K, committed 2944K, reserved 1048576K
Event: 9,479 GC heap after
Heap after GC invocations=3 (full 0):
 PSYoungGen      total 17408K, used 2016K [0x00000000ecd80000, 0x00000000ee080000, 0x0000000100000000)
  eden space 15360K, 0% used [0x00000000ecd80000,0x00000000ecd80000,0x00000000edc80000)
  from space 2048K, 98% used [0x00000000edc80000,0x00000000ede78038,0x00000000ede80000)
  to   space 2048K, 0% used [0x00000000ede80000,0x00000000ede80000,0x00000000ee080000)
 ParOldGen       total 39936K, used 7195K [0x00000000c6800000, 0x00000000c8f00000, 0x00000000ecd80000)
  object space 39936K, 18% used [0x00000000c6800000,0x00000000c6f06e70,0x00000000c8f00000)
 Metaspace       used 20546K, capacity 21180K, committed 21296K, reserved 1067008K
  class space    used 2736K, capacity 2895K, committed 2944K, reserved 1048576K
}
Event: 9,479 GC heap before
{Heap before GC invocations=4 (full 1):
 PSYoungGen      total 17408K, used 2016K [0x00000000ecd80000, 0x00000000ee080000, 0x0000000100000000)
  eden space 15360K, 0% used [0x00000000ecd80000,0x00000000ecd80000,0x00000000edc80000)
  from space 2048K, 98% used [0x00000000edc80000,0x00000000ede78038,0x00000000ede80000)
  to   space 2048K, 0% used [0x00000000ede80000,0x00000000ede80000,0x00000000ee080000)
 ParOldGen       total 39936K, used 7195K [0x00000000c6800000, 0x00000000c8f00000, 0x00000000ecd80000)
  object space 39936K, 18% used [0x00000000c6800000,0x00000000c6f06e70,0x00000000c8f00000)
 Metaspace       used 20546K, capacity 21180K, committed 21296K, reserved 1067008K
  class space    used 2736K, capacity 2895K, committed 2944K, reserved 1048576K
Event: 9,560 GC heap after
Heap after GC invocations=4 (full 1):
 PSYoungGen      total 17408K, used 0K [0x00000000ecd80000, 0x00000000ee080000, 0x0000000100000000)
  eden space 15360K, 0% used [0x00000000ecd80000,0x00000000ecd80000,0x00000000edc80000)
  from space 2048K, 0% used [0x00000000edc80000,0x00000000edc80000,0x00000000ede80000)
  to   space 2048K, 0% used [0x00000000ede80000,0x00000000ede80000,0x00000000ee080000)
 ParOldGen       total 38912K, used 8654K [0x00000000c6800000, 0x00000000c8e00000, 0x00000000ecd80000)
  object space 38912K, 22% used [0x00000000c6800000,0x00000000c7073968,0x00000000c8e00000)
 Metaspace       used 20546K, capacity 21180K, committed 21296K, reserved 1067008K
  class space    used 2736K, capacity 2895K, committed 2944K, reserved 1048576K
}

