# JRE version: Java(TM) SE Runtime Environment (8.0_111-b14) (build 1.8.0_111-b14)
# Java VM: Java HotSpot(TM) 64-Bit Server VM (25.111-b14 mixed mode linux-amd64 compressed oops)
Heap:
 PSYoungGen      total 17408K, used 11069K [0x00000000ecd80000, 0x00000000ee080000, 0x0000000100000000)
  eden space 15360K, 72% used [0x00000000ecd80000,0x00000000ed84f4e8,0x00000000edc80000)
  from space 2048K, 0% used [0x00000000edc80000,0x00000000edc80000,0x00000000ede80000)
  to   space 2048K, 0% used [0x00000000ede80000,0x00000000ede80000,0x00000000ee080000)
 ParOldGen       total 39424K, used 8688K [0x00000000c6800000, 0x00000000c8e80000, 0x00000000ecd80000)
  object space 39424K, 22% used [0x00000000c6800000,0x00000000c707c090,0x00000000c8e80000)
 Metaspace       used 23314K, capacity 24430K, committed 24448K, reserved 1071104K
  class space    used 3208K, capacity 3450K, committed 3456K, reserved 1048576K
GC Heap History (8 events):
Event: 0,739 GC heap before
{Heap before GC invocations=1 (full 0):
 PSYoungGen      total 17408K, used 15360K [0x00000000ecd80000, 0x00000000ee080000, 0x0000000100000000)
  eden space 15360K, 100% used [0x00000000ecd80000,0x00000000edc80000,0x00000000edc80000)
  from space 2048K, 0% used [0x00000000ede80000,0x00000000ede80000,0x00000000ee080000)
  to   space 2048K, 0% used [0x00000000edc80000,0x00000000edc80000,0x00000000ede80000)
 ParOldGen       total 39936K, used 0K [0x00000000c6800000, 0x00000000c8f00000, 0x00000000ecd80000)
  object space 39936K, 0% used [0x00000000c6800000,0x00000000c6800000,0x00000000c8f00000)
 Metaspace       used 9717K, capacity 10046K, committed 10368K, reserved 1058816K
  class space    used 1218K, capacity 1339K, committed 1408K, reserved 1048576K
Event: 0,745 GC heap after
Heap after GC invocations=1 (full 0):
 PSYoungGen      total 17408K, used 2016K [0x00000000ecd80000, 0x00000000ee080000, 0x0000000100000000)
  eden space 15360K, 0% used [0x00000000ecd80000,0x00000000ecd80000,0x00000000edc80000)
  from space 2048K, 98% used [0x00000000edc80000,0x00000000ede78050,0x00000000ede80000)
  to   space 2048K, 0% used [0x00000000ede80000,0x00000000ede80000,0x00000000ee080000)
 ParOldGen       total 39936K, used 845K [0x00000000c6800000, 0x00000000c8f00000, 0x00000000ecd80000)
  object space 39936K, 2% used [0x00000000c6800000,0x00000000c68d3408,0x00000000c8f00000)
 Metaspace       used 9717K, capacity 10046K, committed 10368K, reserved 1058816K
  class space    used 1218K, capacity 1339K, committed 1408K, reserved 1048576K
}
Event: 5,162 GC heap before
{Heap before GC invocations=2 (full 0):
 PSYoungGen      total 17408K, used 17376K [0x00000000ecd80000, 0x00000000ee080000, 0x0000000100000000)
  eden space 15360K, 100% used [0x00000000ecd80000,0x00000000edc80000,0x00000000edc80000)
  from space 2048K, 98% used [0x00000000edc80000,0x00000000ede78050,0x00000000ede80000)
  to   space 2048K, 0% used [0x00000000ede80000,0x00000000ede80000,0x00000000ee080000)
 ParOldGen       total 39936K, used 845K [0x00000000c6800000, 0x00000000c8f00000, 0x00000000ecd80000)
  object space 39936K, 2% used [0x00000000c6800000,0x00000000c68d3408,0x00000000c8f00000)
 Metaspace       used 14936K, capacity 15530K, committed 15744K, reserved 1062912K
  class space    used 2155K, capacity 2332K, committed 2432K, reserved 1048576K
Event: 5,171 GC heap after
Heap after GC invocations=2 (full 0):
 PSYoungGen      total 17408K, used 2016K [0x00000000ecd80000, 0x00000000ee080000, 0x0000000100000000)
  eden space 15360K, 0% used [0x00000000ecd80000,0x00000000ecd80000,0x00000000edc80000)
  from space 2048K, 98% used [0x00000000ede80000,0x00000000ee078020,0x00000000ee080000)
  to   space 2048K, 0% used [0x00000000edc80000,0x00000000edc80000,0x00000000ede80000)
 ParOldGen       total 39936K, used 4130K [0x00000000c6800000, 0x00000000c8f00000, 0x00000000ecd80000)
  object space 39936K, 10% used [0x00000000c6800000,0x00000000c6c08960,0x00000000c8f00000)
 Metaspace       used 14936K, capacity 15530K, committed 15744K, reserved 1062912K
  class space    used 2155K, capacity 2332K, committed 2432K, reserved 1048576K
}
Event: 10,660 GC heap before
{Heap before GC invocations=3 (full 0):
 PSYoungGen      total 17408K, used 13776K [0x00000000ecd80000, 0x00000000ee080000, 0x0000000100000000)
  eden space 15360K, 76% used [0x00000000ecd80000,0x00000000ed8fc340,0x00000000edc80000)
  from space 2048K, 98% used [0x00000000ede80000,0x00000000ee078020,0x00000000ee080000)
  to   space 2048K, 0% used [0x00000000edc80000,0x00000000edc80000,0x00000000ede80000)
 ParOldGen       total 39936K, used 4130K [0x00000000c6800000, 0x00000000c8f00000, 0x00000000ecd80000)
  object space 39936K, 10% used [0x00000000c6800000,0x00000000c6c08960,0x00000000c8f00000)
 Metaspace       used 20439K, capacity 21192K, committed 21296K, reserved 1067008K
  class space    used 2760K, capacity 2939K, committed 2944K, reserved 1048576K
Event: 10,686 GC heap after
Heap after GC invocations=3 (full 0):
 PSYoungGen      total 17408K, used 2016K [0x00000000ecd80000, 0x00000000ee080000, 0x0000000100000000)
  eden space 15360K, 0% used [0x00000000ecd80000,0x00000000ecd80000,0x00000000edc80000)
  from space 2048K, 98% used [0x00000000edc80000,0x00000000ede780b0,0x00000000ede80000)
  to   space 2048K, 0% used [0x00000000ede80000,0x00000000ede80000,0x00000000ee080000)
 ParOldGen       total 39936K, used 7308K [0x00000000c6800000, 0x00000000c8f00000, 0x00000000ecd80000)
  object space 39936K, 18% used [0x00000000c6800000,0x00000000c6f23258,0x00000000c8f00000)
 Metaspace       used 20439K, capacity 21192K, committed 21296K, reserved 1067008K
  class space    used 2760K, capacity 2939K, committed 2944K, reserved 1048576K
}
Event: 10,686 GC heap before
{Heap before GC invocations=4 (full 1):
 PSYoungGen      total 17408K, used 2016K [0x00000000ecd80000, 0x00000000ee080000, 0x0000000100000000)
  eden space 15360K, 0% used [0x00000000ecd80000,0x00000000ecd80000,0x00000000edc80000)
  from space 2048K, 98% used [0x00000000edc80000,0x00000000ede780b0,0x00000000ede80000)
  to   space 2048K, 0% used [0x00000000ede80000,0x00000000ede80000,0x00000000ee080000)
 ParOldGen       total 39936K, used 7308K [0x00000000c6800000, 0x00000000c8f00000, 0x00000000ecd80000)
  object space 39936K, 18% used [0x00000000c6800000,0x00000000c6f23258,0x00000000c8f00000)
 Metaspace       used 20439K, capacity 21192K, committed 21296K, reserved 1067008K
  class space    used 2760K, capacity 2939K, committed 2944K, reserved 1048576K
Event: 10,786 GC heap after
Heap after GC invocations=4 (full 1):
 PSYoungGen      total 17408K, used 0K [0x00000000ecd80000, 0x00000000ee080000, 0x0000000100000000)
  eden space 15360K, 0% used [0x00000000ecd80000,0x00000000ecd80000,0x00000000edc80000)
  from space 2048K, 0% used [0x00000000edc80000,0x00000000edc80000,0x00000000ede80000)
  to   space 2048K, 0% used [0x00000000ede80000,0x00000000ede80000,0x00000000ee080000)
 ParOldGen       total 39424K, used 8688K [0x00000000c6800000, 0x00000000c8e80000, 0x00000000ecd80000)
  object space 39424K, 22% used [0x00000000c6800000,0x00000000c707c090,0x00000000c8e80000)
 Metaspace       used 20439K, capacity 21192K, committed 21296K, reserved 1067008K
  class space    used 2760K, capacity 2939K, committed 2944K, reserved 1048576K
}

