# JRE version: Java(TM) SE Runtime Environment (8.0_111-b14) (build 1.8.0_111-b14)
# Java VM: Java HotSpot(TM) 64-Bit Server VM (25.111-b14 mixed mode linux-amd64 compressed oops)
Heap:
 PSYoungGen      total 17408K, used 11096K [0x00000000ecd80000, 0x00000000ee080000, 0x0000000100000000)
  eden space 15360K, 72% used [0x00000000ecd80000,0x00000000ed856038,0x00000000edc80000)
  from space 2048K, 0% used [0x00000000edc80000,0x00000000edc80000,0x00000000ede80000)
  to   space 2048K, 0% used [0x00000000ede80000,0x00000000ede80000,0x00000000ee080000)
 ParOldGen       total 39936K, used 8693K [0x00000000c6800000, 0x00000000c8f00000, 0x00000000ecd80000)
  object space 39936K, 21% used [0x00000000c6800000,0x00000000c707d608,0x00000000c8f00000)
 Metaspace       used 23368K, capacity 24414K, committed 24448K, reserved 1071104K
  class space    used 3208K, capacity 3450K, committed 3456K, reserved 1048576K
GC Heap History (8 events):
Event: 0,794 GC heap before
{Heap before GC invocations=1 (full 0):
 PSYoungGen      total 17408K, used 15360K [0x00000000ecd80000, 0x00000000ee080000, 0x0000000100000000)
  eden space 15360K, 100% used [0x00000000ecd80000,0x00000000edc80000,0x00000000edc80000)
  from space 2048K, 0% used [0x00000000ede80000,0x00000000ede80000,0x00000000ee080000)
  to   space 2048K, 0% used [0x00000000edc80000,0x00000000edc80000,0x00000000ede80000)
 ParOldGen       total 39936K, used 0K [0x00000000c6800000, 0x00000000c8f00000, 0x00000000ecd80000)
  object space 39936K, 0% used [0x00000000c6800000,0x00000000c6800000,0x00000000c8f00000)
 Metaspace       used 9737K, capacity 10094K, committed 10368K, reserved 1058816K
  class space    used 1218K, capacity 1339K, committed 1408K, reserved 1048576K
Event: 0,799 GC heap after
Heap after GC invocations=1 (full 0):
 PSYoungGen      total 17408K, used 2032K [0x00000000ecd80000, 0x00000000ee080000, 0x0000000100000000)
  eden space 15360K, 0% used [0x00000000ecd80000,0x00000000ecd80000,0x00000000edc80000)
  from space 2048K, 99% used [0x00000000edc80000,0x00000000ede7c040,0x00000000ede80000)
  to   space 2048K, 0% used [0x00000000ede80000,0x00000000ede80000,0x00000000ee080000)
 ParOldGen       total 39936K, used 829K [0x00000000c6800000, 0x00000000c8f00000, 0x00000000ecd80000)
  object space 39936K, 2% used [0x00000000c6800000,0x00000000c68cf408,0x00000000c8f00000)
 Metaspace       used 9737K, capacity 10094K, committed 10368K, reserved 1058816K
  class space    used 1218K, capacity 1339K, committed 1408K, reserved 1048576K
}
Event: 5,998 GC heap before
{Heap before GC invocations=2 (full 0):
 PSYoungGen      total 17408K, used 17392K [0x00000000ecd80000, 0x00000000ee080000, 0x0000000100000000)
  eden space 15360K, 100% used [0x00000000ecd80000,0x00000000edc80000,0x00000000edc80000)
  from space 2048K, 99% used [0x00000000edc80000,0x00000000ede7c040,0x00000000ede80000)
  to   space 2048K, 0% used [0x00000000ede80000,0x00000000ede80000,0x00000000ee080000)
 ParOldGen       total 39936K, used 829K [0x00000000c6800000, 0x00000000c8f00000, 0x00000000ecd80000)
  object space 39936K, 2% used [0x00000000c6800000,0x00000000c68cf408,0x00000000c8f00000)
 Metaspace       used 14996K, capacity 15578K, committed 15744K, reserved 1062912K
  class space    used 2155K, capacity 2332K, committed 2432K, reserved 1048576K
Event: 6,007 GC heap after
Heap after GC invocations=2 (full 0):
 PSYoungGen      total 17408K, used 2016K [0x00000000ecd80000, 0x00000000ee080000, 0x0000000100000000)
  eden space 15360K, 0% used [0x00000000ecd80000,0x00000000ecd80000,0x00000000edc80000)
  from space 2048K, 98% used [0x00000000ede80000,0x00000000ee078038,0x00000000ee080000)
  to   space 2048K, 0% used [0x00000000edc80000,0x00000000edc80000,0x00000000ede80000)
 ParOldGen       total 39936K, used 4122K [0x00000000c6800000, 0x00000000c8f00000, 0x00000000ecd80000)
  object space 39936K, 10% used [0x00000000c6800000,0x00000000c6c06998,0x00000000c8f00000)
 Metaspace       used 14996K, capacity 15578K, committed 15744K, reserved 1062912K
  class space    used 2155K, capacity 2332K, committed 2432K, reserved 1048576K
}
Event: 11,371 GC heap before
{Heap before GC invocations=3 (full 0):
 PSYoungGen      total 17408K, used 13786K [0x00000000ecd80000, 0x00000000ee080000, 0x0000000100000000)
  eden space 15360K, 76% used [0x00000000ecd80000,0x00000000ed8feaf8,0x00000000edc80000)
  from space 2048K, 98% used [0x00000000ede80000,0x00000000ee078038,0x00000000ee080000)
  to   space 2048K, 0% used [0x00000000edc80000,0x00000000edc80000,0x00000000ede80000)
 ParOldGen       total 39936K, used 4122K [0x00000000c6800000, 0x00000000c8f00000, 0x00000000ecd80000)
  object space 39936K, 10% used [0x00000000c6800000,0x00000000c6c06998,0x00000000c8f00000)
 Metaspace       used 20450K, capacity 21176K, committed 21296K, reserved 1067008K
  class space    used 2760K, capacity 2939K, committed 2944K, reserved 1048576K
Event: 11,383 GC heap after
Heap after GC invocations=3 (full 0):
 PSYoungGen      total 17408K, used 2016K [0x00000000ecd80000, 0x00000000ee080000, 0x0000000100000000)
  eden space 15360K, 0% used [0x00000000ecd80000,0x00000000ecd80000,0x00000000edc80000)
  from space 2048K, 98% used [0x00000000edc80000,0x00000000ede780a0,0x00000000ede80000)
  to   space 2048K, 0% used [0x00000000ede80000,0x00000000ede80000,0x00000000ee080000)
 ParOldGen       total 39936K, used 7306K [0x00000000c6800000, 0x00000000c8f00000, 0x00000000ecd80000)
  object space 39936K, 18% used [0x00000000c6800000,0x00000000c6f22a20,0x00000000c8f00000)
 Metaspace       used 20450K, capacity 21176K, committed 21296K, reserved 1067008K
  class space    used 2760K, capacity 2939K, committed 2944K, reserved 1048576K
}
Event: 11,383 GC heap before
{Heap before GC invocations=4 (full 1):
 PSYoungGen      total 17408K, used 2016K [0x00000000ecd80000, 0x00000000ee080000, 0x0000000100000000)
  eden space 15360K, 0% used [0x00000000ecd80000,0x00000000ecd80000,0x00000000edc80000)
  from space 2048K, 98% used [0x00000000edc80000,0x00000000ede780a0,0x00000000ede80000)
  to   space 2048K, 0% used [0x00000000ede80000,0x00000000ede80000,0x00000000ee080000)
 ParOldGen       total 39936K, used 7306K [0x00000000c6800000, 0x00000000c8f00000, 0x00000000ecd80000)
  object space 39936K, 18% used [0x00000000c6800000,0x00000000c6f22a20,0x00000000c8f00000)
 Metaspace       used 20450K, capacity 21176K, committed 21296K, reserved 1067008K
  class space    used 2760K, capacity 2939K, committed 2944K, reserved 1048576K
Event: 11,480 GC heap after
Heap after GC invocations=4 (full 1):
 PSYoungGen      total 17408K, used 0K [0x00000000ecd80000, 0x00000000ee080000, 0x0000000100000000)
  eden space 15360K, 0% used [0x00000000ecd80000,0x00000000ecd80000,0x00000000edc80000)
  from space 2048K, 0% used [0x00000000edc80000,0x00000000edc80000,0x00000000ede80000)
  to   space 2048K, 0% used [0x00000000ede80000,0x00000000ede80000,0x00000000ee080000)
 ParOldGen       total 39936K, used 8693K [0x00000000c6800000, 0x00000000c8f00000, 0x00000000ecd80000)
  object space 39936K, 21% used [0x00000000c6800000,0x00000000c707d608,0x00000000c8f00000)
 Metaspace       used 20450K, capacity 21176K, committed 21296K, reserved 1067008K
  class space    used 2760K, capacity 2939K, committed 2944K, reserved 1048576K
}

